<?xml version="1.0" encoding="utf-8"?>
<coverage line-rate="0.7678" branch-rate="1" version="1.9" timestamp="1789210711" lines-covered="43" lines-valid="56" branches-covered="18" branches-valid="18">
  <sources>
    <source>C:\Users\nickr\Desktop\git\DWES-01-Agenda\AgendaContactos\AgendaContactos\</source>
  </sources>
  <packages>
    <package name="AgendaContactos" line-rate="0.7678" branch-rate="1" complexity="44">
      <classes>
        <class name="Program" filename="Program.cs" line-rate="0" branch-rate="1" complexity="1">
          <methods>
            <method name="&lt;Main&gt;$" signature="(System.String[])" line-rate="0" branch-rate="1" complexity="1">
              <lines>
                <line number="1" hits="0" branch="False" />
              </lines>
            </method>
          </methods>
          <lines>
            <line number="1" hits="0" branch="False" />
          </lines>
        </class>
        <class name="AgendaContactos.Validator.Contactos.ContactoValidator" filename="Validator\Contactos\ContactoValidator.cs" line-rate="1" branch-rate="1" complexity="10">
          <methods>
            <method name="Validar" signature="(AgendaContactos.Model.Contacto)" line-rate="1" branch-rate="1" complexity="10">
              <lines>
                <line number="16" hits="13" branch="False" />
                <line number="17" hits="13" branch="False" />
                <line number="20" hits="13" branch="False" />
                <line number="23" hits="13" branch="True" condition-coverage="100% (2/2)">
                  <conditions>
                    <condition number="73" type="jump" coverage="100%" />
                  </conditions>
                </line>
                <line number="24" hits="2" branch="False" />
                <line number="26" hits="13" branch="True" condition-coverage="100% (2/2)">
                  <conditions>
                    <condition number="105" type="jump" coverage="100%" />
                  </conditions>
                </line>
                <line number="27" hits="2" branch="False" />
                <line number="29" hits="13" branch="True" condition-coverage="100% (2/2)">
                  <conditions>
                    <condition number="137" type="jump" coverage="100%" />
                  </conditions>
                </line>
                <line number="30" hits="3" branch="False" />
                <line number="32" hits="13" branch="True" condition-coverage="100% (2/2)">
                  <conditions>
                    <condition number="169" type="jump" coverage="100%" />
                  </conditions>
                </line>
                <line number="33" hits="3" branch="False" />
                <line number="36" hits="13" branch="False" />
                <line number="37" hits="13" branch="False" />
                <line number="38" hits="13" branch="False" />
                <line number="39" hits="13" branch="False" />
                <line number="40" hits="13" branch="False" />
                <line number="41" hits="13" branch="False" />
                <line number="42" hits="13" branch="False" />
                <line number="45" hits="13" branch="True" condition-coverage="100% (2/2)">
                  <conditions>
                    <condition number="298" type="jump" coverage="100%" />
                  </conditions>
                </line>
                <line number="46" hits="13" branch="False" />
                <line number="47" hits="13" branch="False" />
                <line number="48" hits="13" branch="False" />
              </lines>
            </method>
          </methods>
          <lines>
            <line number="16" hits="13" branch="False" />
            <line number="17" hits="13" branch="False" />
            <line number="20" hits="13" branch="False" />
            <line number="23" hits="13" branch="True" condition-coverage="100% (2/2)">
              <conditions>
                <condition number="73" type="jump" coverage="100%" />
              </conditions>
            </line>
            <line number="24" hits="2" branch="False" />
            <line number="26" hits="13" branch="True" condition-coverage="100% (2/2)">
              <conditions>
                <condition number="105" type="jump" coverage="100%" />
              </conditions>
            </line>
            <line number="27" hits="2" branch="False" />
            <line number="29" hits="13" branch="True" condition-coverage="100% (2/2)">
              <conditions>
                <condition number="137" type="jump" coverage="100%" />
              </conditions>
            </line>
            <line number="30" hits="3" branch="False" />
            <line number="32" hits="13" branch="True" condition-coverage="100% (2/2)">
              <conditions>
                <condition number="169" type="jump" coverage="100%" />
              </conditions>
            </line>
            <line number="33" hits="3" branch="False" />
            <line number="36" hits="13" branch="False" />
            <line number="37" hits="13" branch="False" />
            <line number="38" hits="13" branch="False" />
            <line number="39" hits="13" branch="False" />
            <line number="40" hits="13" branch="False" />
            <line number="41" hits="13" branch="False" />
            <line number="42" hits="13" branch="False" />
            <line number="45" hits="13" branch="True" condition-coverage="100% (2/2)">
              <conditions>
                <condition number="298" type="jump" coverage="100%" />
              </conditions>
            </line>
            <line number="46" hits="13" branch="False" />
            <line number="47" hits="13" branch="False" />
            <line number="48" hits="13" branch="False" />
          </lines>
        </class>
        <class name="AgendaContactos.Validator.Contactos.ContactoValidatorExtensions" filename="Validator\Contactos\ContactoValidatorExtensions.cs" line-rate="1" branch-rate="1" complexity="11">
          <methods>
            <method name="IsNombreValid" signature="(System.String)" line-rate="1" branch-rate="1" complexity="4">
              <lines>
                <line number="16" hits="13" branch="True" condition-coverage="100% (4/4)">
                  <conditions>
                    <condition number="6" type="jump" coverage="100%" />
                    <condition number="21" type="jump" coverage="100%" />
                  </conditions>
                </line>
                <line number="17" hits="13" branch="False" />
                <line number="18" hits="13" branch="False" />
              </lines>
            </method>
            <method name="IsAliasValid" signature="(System.String)" line-rate="1" branch-rate="1" complexity="4">
              <lines>
                <line number="27" hits="13" branch="True" condition-coverage="100% (4/4)">
                  <conditions>
                    <condition number="6" type="jump" coverage="100%" />
                    <condition number="21" type="jump" coverage="100%" />
                  </conditions>
                </line>
                <line number="28" hits="13" branch="False" />
                <line number="29" hits="13" branch="False" />
              </lines>
            </method>
            <method name="NormalizarTelefono" signature="(System.String)" line-rate="1" branch-rate="1" complexity="1">
              <lines>
                <line number="38" hits="13" branch="False" />
              </lines>
            </method>
            <method name="IsTelefonoValid" signature="(System.String)" line-rate="1" branch-rate="1" complexity="1">
              <lines>
                <line number="40" hits="13" branch="False" />
                <line number="42" hits="13" branch="False" />
              </lines>
            </method>
            <method name="IsEmailValid" signature="(System.String)" line-rate="1" branch-rate="1" complexity="1">
              <lines>
                <line number="51" hits="13" branch="False" />
                <line number="53" hits="13" branch="False" />
              </lines>
            </method>
          </methods>
          <lines>
            <line number="16" hits="13" branch="True" condition-coverage="100% (4/4)">
              <conditions>
                <condition number="6" type="jump" coverage="100%" />
                <condition number="21" type="jump" coverage="100%" />
              </conditions>
            </line>
            <line number="17" hits="13" branch="False" />
            <line number="18" hits="13" branch="False" />
            <line number="27" hits="13" branch="True" condition-coverage="100% (4/4)">
              <conditions>
                <condition number="6" type="jump" coverage="100%" />
                <condition number="21" type="jump" coverage="100%" />
              </conditions>
            </line>
            <line number="28" hits="13" branch="False" />
            <line number="29" hits="13" branch="False" />
            <line number="38" hits="13" branch="False" />
            <line number="40" hits="13" branch="False" />
            <line number="42" hits="13" branch="False" />
            <line number="51" hits="13" branch="False" />
            <line number="53" hits="13" branch="False" />
          </lines>
        </class>
        <class name="AgendaContactos.Model.Contacto" filename="Model\Contacto.cs" line-rate="1" branch-rate="1" complexity="5">
          <methods>
            <method name="get_Id" signature="()" line-rate="1" branch-rate="1" complexity="1">
              <lines>
                <line number="8" hits="26" branch="False" />
              </lines>
            </method>
            <method name="get_Nombre" signature="()" line-rate="1" branch-rate="1" complexity="1">
              <lines>
                <line number="10" hits="65" branch="False" />
              </lines>
            </method>
            <method name="get_Telefono" signature="()" line-rate="1" branch-rate="1" complexity="1">
              <lines>
                <line number="11" hits="65" branch="False" />
              </lines>
            </method>
            <method name="get_Alias" signature="()" line-rate="1" branch-rate="1" complexity="1">
              <lines>
                <line number="12" hits="65" branch="False" />
              </lines>
            </method>
            <method name="get_Email" signature="()" line-rate="1" branch-rate="1" complexity="1">
              <lines>
                <line number="13" hits="65" branch="False" />
              </lines>
            </method>
          </methods>
          <lines>
            <line number="8" hits="26" branch="False" />
            <line number="10" hits="65" branch="False" />
            <line number="11" hits="65" branch="False" />
            <line number="12" hits="65" branch="False" />
            <line number="13" hits="65" branch="False" />
          </lines>
        </class>
        <class name="AgendaContactos.Errors.Contacto.ContactoError" filename="Errors\Contacto\ContactoError.cs" line-rate="1" branch-rate="1" complexity="1">
          <methods>
            <method name=".ctor" signature="(System.String)" line-rate="1" branch-rate="1" complexity="1">
              <lines>
                <line number="9" hits="10" branch="False" />
              </lines>
            </method>
          </methods>
          <lines>
            <line number="9" hits="10" branch="False" />
          </lines>
        </class>
        <class name="AgendaContactos.Errors.Contacto.ContactoError/NotFoundById" filename="Errors\Contacto\ContactoError.cs" line-rate="0" branch-rate="1" complexity="2">
          <methods>
            <method name="get_Id" signature="()" line-rate="0" branch-rate="1" complexity="1">
              <lines>
                <line number="15" hits="0" branch="False" />
              </lines>
            </method>
            <method name=".ctor" signature="(System.Int32)" line-rate="0" branch-rate="1" complexity="1">
              <lines>
                <line number="16" hits="0" branch="False" />
              </lines>
            </method>
          </methods>
          <lines>
            <line number="15" hits="0" branch="False" />
            <line number="16" hits="0" branch="False" />
          </lines>
        </class>
        <class name="AgendaContactos.Errors.Contacto.ContactoError/NotFoundByAlias" filename="Errors\Contacto\ContactoError.cs" line-rate="0" branch-rate="1" complexity="2">
          <methods>
            <method name="get_Alias" signature="()" line-rate="0" branch-rate="1" complexity="1">
              <lines>
                <line number="22" hits="0" branch="False" />
              </lines>
            </method>
            <method name=".ctor" signature="(System.String)" line-rate="0" branch-rate="1" complexity="1">
              <lines>
                <line number="23" hits="0" branch="False" />
              </lines>
            </method>
          </methods>
          <lines>
            <line number="22" hits="0" branch="False" />
            <line number="23" hits="0" branch="False" />
          </lines>
        </class>
        <class name="AgendaContactos.Errors.Contacto.ContactoError/Validation" filename="Errors\Contacto\ContactoError.cs" line-rate="1" branch-rate="1" complexity="2">
          <methods>
            <method name="get_Errores" signature="()" line-rate="1" branch-rate="1" complexity="1">
              <lines>
                <line number="29" hits="10" branch="False" />
              </lines>
            </method>
            <method name=".ctor" signature="(System.Collections.Generic.IEnumerable`1&lt;System.String&gt;)" line-rate="1" branch-rate="1" complexity="1">
              <lines>
                <line number="30" hits="10" branch="False" />
              </lines>
            </method>
          </methods>
          <lines>
            <line number="29" hits="10" branch="False" />
            <line number="30" hits="10" branch="False" />
          </lines>
        </class>
        <class name="AgendaContactos.Errors.Contacto.ContactoError/TelefonosRepetidos" filename="Errors\Contacto\ContactoError.cs" line-rate="0" branch-rate="1" complexity="2">
          <methods>
            <method name="get_Telefono" signature="()" line-rate="0" branch-rate="1" complexity="1">
              <lines>
                <line number="36" hits="0" branch="False" />
              </lines>
            </method>
            <method name=".ctor" signature="(System.String)" line-rate="0" branch-rate="1" complexity="1">
              <lines>
                <line number="37" hits="0" branch="False" />
              </lines>
            </method>
          </methods>
          <lines>
            <line number="36" hits="0" branch="False" />
            <line number="37" hits="0" branch="False" />
          </lines>
        </class>
        <class name="AgendaContactos.Errors.Contacto.ContactoError/AliasRepetidos" filename="Errors\Contacto\ContactoError.cs" line-rate="0" branch-rate="1" complexity="2">
          <methods>
            <method name="get_Alias" signature="()" line-rate="0" branch-rate="1" complexity="1">
              <lines>
                <line number="43" hits="0" branch="False" />
              </lines>
            </method>
            <method name=".ctor" signature="(System.String)" line-rate="0" branch-rate="1" complexity="1">
              <lines>
                <line number="44" hits="0" branch="False" />
              </lines>
            </method>
          </methods>
          <lines>
            <line number="43" hits="0" branch="False" />
            <line number="44" hits="0" branch="False" />
          </lines>
        </class>
        <class name="AgendaContactos.Errors.Contacto.ContactoErrors" filename="Errors\Contacto\ContactoErrors.cs" line-rate="0.2" branch-rate="1" complexity="5">
          <methods>
            <method name="NotFoundById" signature="(System.Int32)" line-rate="0" branch-rate="1" complexity="1">
              <lines>
                <line number="12" hits="0" branch="False" />
              </lines>
            </method>
            <method name="NotFoundByAlias" signature="(System.String)" line-rate="0" branch-rate="1" complexity="1">
              <lines>
                <line number="16" hits="0" branch="False" />
              </lines>
            </method>
            <method name="Validation" signature="(System.Collections.Generic.IEnumerable`1&lt;System.String&gt;)" line-rate="1" branch-rate="1" complexity="1">
              <lines>
                <line number="20" hits="10" branch="False" />
              </lines>
            </method>
            <method name="TelefonosRepetidos" signature="(System.String)" line-rate="0" branch-rate="1" complexity="1">
              <lines>
                <line number="24" hits="0" branch="False" />
              </lines>
            </method>
            <method name="AliasRepetidos" signature="(System.String)" line-rate="0" branch-rate="1" complexity="1">
              <lines>
                <line number="28" hits="0" branch="False" />
              </lines>
            </method>
          </methods>
          <lines>
            <line number="12" hits="0" branch="False" />
            <line number="16" hits="0" branch="False" />
            <line number="20" hits="10" branch="False" />
            <line number="24" hits="0" branch="False" />
            <line number="28" hits="0" branch="False" />
          </lines>
        </class>
        <class name="AgendaContactos.Errors.Common.DomainError" filename="Errors\Common\DomainError.cs" line-rate="1" branch-rate="1" complexity="1">
          <methods>
            <method name="get_Message" signature="()" line-rate="1" branch-rate="1" complexity="1">
              <lines>
                <line number="7" hits="10" branch="False" />
              </lines>
            </method>
          </methods>
          <lines>
            <line number="7" hits="10" branch="False" />
          </lines>
        </class>
      </classes>
    </package>
  </packages>
</coverage>